#
# There is insufficient memory for the Java Runtime Environment to continue.
# Native memory allocation (malloc) failed to allocate 1476400 bytes for Chunk::new
# Possible reasons:
#   The system is out of physical RAM or swap space
#   The process is running with CompressedOops enabled, and the Java Heap may be blocking the growth of the native heap
# Possible solutions:
#   Reduce memory load on the system
#   Increase physical memory or swap space
#   Check if swap backing store is full
#   Decrease Java heap size (-Xmx/-Xms)
#   Decrease number of Java threads
#   Decrease Java thread stack sizes (-Xss)
#   Set larger code cache with -XX:ReservedCodeCacheSize=
#   JVM is running with Unscaled Compressed Oops mode in which the Java heap is
#     placed in the first 4GB address space. The Java Heap base address is the
#     maximum limit for the native heap growth. Please use -XX:HeapBaseMinAddress
#     to set the Java Heap base and to place the Java Heap above 4GB virtual address.
# This output file may be truncated or incomplete.
#
#  Out of Memory Error (allocation.cpp:389), pid=26360, tid=0x0000000000007304
#
# JRE version: OpenJDK Runtime Environment (8.0_212-b04) (build 1.8.0_212-release-1586-b04)
# Java VM: OpenJDK 64-Bit Server VM (25.212-b04 mixed mode windows-amd64 compressed oops)
# Failed to write core dump. Minidumps are not enabled by default on client versions of Windows
#

---------------  T H R E A D  ---------------

Current thread (0x000000001834c000):  JavaThread "C2 CompilerThread1" daemon [_thread_in_native, id=29444, stack(0x0000000019a90000,0x0000000019b90000)]

Stack: [0x0000000019a90000,0x0000000019b90000]
[error occurred during error reporting (printing stack bounds), id 0xc0000005]

Native frames: (J=compiled Java code, j=interpreted, Vv=VM code, C=native code)


Current CompileTask:
C2:   2112 1473   !   4       java.net.URLClassLoader$1::run (63 bytes)


---------------  P R O C E S S  ---------------

Java Threads: ( => current thread )
  0x000000001bd03000 JavaThread "Cache worker for file hash cache (C:\Users\10673\AndroidStudioProjects\Timer\.gradle\5.6.4\fileHashes)" [_thread_blocked, id=27264, stack(0x0000000020050000,0x0000000020150000)]
  0x000000001bd07800 JavaThread "Cache worker for journal cache (C:\Users\10673\.gradle\caches\journal-1)" [_thread_blocked, id=36040, stack(0x000000001dbb0000,0x000000001dcb0000)]
  0x000000001bd06800 JavaThread "File lock request listener" [_thread_in_native, id=36856, stack(0x000000001dab0000,0x000000001dbb0000)]
  0x000000001a0f0800 JavaThread "Cache worker for file hash cache (C:\Users\10673\.gradle\caches\5.6.4\fileHashes)" [_thread_blocked, id=40612, stack(0x000000001d9b0000,0x000000001dab0000)]
  0x000000001bd14800 JavaThread "Thread-9" [_thread_blocked, id=36892, stack(0x000000001d8b0000,0x000000001d9b0000)]
  0x000000001bc99000 JavaThread "Stdin handler" [_thread_blocked, id=41496, stack(0x000000001d7b0000,0x000000001d8b0000)]
  0x000000001bd17000 JavaThread "Asynchronous log dispatcher for DefaultDaemonConnection: socket connection from /127.0.0.1:55523 to /127.0.0.1:55524" [_thread_blocked, id=9076, stack(0x000000001d6b0000,0x000000001d7b0000)]
  0x000000001bccc000 JavaThread "Daemon worker" [_thread_in_native, id=38596, stack(0x000000001d5b0000,0x000000001d6b0000)]
  0x000000001bcc3000 JavaThread "Cancel handler" [_thread_blocked, id=37572, stack(0x000000001d4b0000,0x000000001d5b0000)]
  0x000000001bc3d800 JavaThread "Handler for socket connection from /127.0.0.1:55523 to /127.0.0.1:55524" [_thread_in_native, id=12948, stack(0x000000001d1b0000,0x000000001d2b0000)]
  0x000000001bc32000 JavaThread "Daemon" [_thread_blocked, id=41164, stack(0x000000001d0b0000,0x000000001d1b0000)]
  0x000000001bbc7000 JavaThread "Daemon periodic checks" [_thread_blocked, id=41816, stack(0x000000001cfb0000,0x000000001d0b0000)]
  0x000000001bbce000 JavaThread "Incoming local TCP Connector on port 55523" [_thread_in_native, id=40760, stack(0x000000001cd70000,0x000000001ce70000)]
  0x000000001bb3c800 JavaThread "Daemon health stats" [_thread_blocked, id=37896, stack(0x000000001c730000,0x000000001c830000)]
  0x00000000183d9800 JavaThread "Service Thread" daemon [_thread_blocked, id=41728, stack(0x0000000019d90000,0x0000000019e90000)]
  0x0000000018350000 JavaThread "C1 CompilerThread3" daemon [_thread_blocked, id=3408, stack(0x0000000019c90000,0x0000000019d90000)]
  0x000000001834f800 JavaThread "C2 CompilerThread2" daemon [_thread_in_native, id=37736, stack(0x0000000019b90000,0x0000000019c90000)]
=>0x000000001834c000 JavaThread "C2 CompilerThread1" daemon [_thread_in_native, id=29444, stack(0x0000000019a90000,0x0000000019b90000)]
  0x0000000018346000 JavaThread "C2 CompilerThread0" daemon [_thread_in_native, id=41432, stack(0x0000000019990000,0x0000000019a90000)]
  0x0000000018344000 JavaThread "Attach Listener" daemon [_thread_blocked, id=38152, stack(0x0000000019890000,0x0000000019990000)]
  0x0000000018343000 JavaThread "Signal Dispatcher" daemon [_thread_blocked, id=10108, stack(0x0000000019790000,0x0000000019890000)]
  0x0000000002c9a000 JavaThread "Finalizer" daemon [_thread_blocked, id=2412, stack(0x0000000019590000,0x0000000019690000)]
  0x0000000016c5c800 JavaThread "Reference Handler" daemon [_thread_blocked, id=35160, stack(0x0000000019490000,0x0000000019590000)]
  0x0000000002afe000 JavaThread "main" [_thread_blocked, id=40188, stack(0x00000000029b0000,0x0000000002ab0000)]

Other Threads:
  0x0000000016c55800 VMThread [stack: 0x0000000019390000,0x0000000019490000] [id=38140]
  0x00000000183da000 WatcherThread [stack: 0x0000000019e90000,0x0000000019f90000] [id=37852]

VM state:not at safepoint (normal execution)

VM Mutex/Monitor currently owned by a thread: None

heap address: 0x00000000a0000000, size: 1536 MB, Compressed Oops mode: 32-bit
Narrow klass base: 0x0000000000000000, Narrow klass shift: 3
Compressed class space size: 1073741824 Address: 0x0000000100000000

Heap:
 PSYoungGen      total 56832K, used 30302K [0x00000000e0000000, 0x00000000e3f00000, 0x0000000100000000)
  eden space 49152K, 46% used [0x00000000e0000000,0x00000000e161a138,0x00000000e3000000)
  from space 7680K, 99% used [0x00000000e3000000,0x00000000e377da58,0x00000000e3780000)
  to   space 7680K, 0% used [0x00000000e3780000,0x00000000e3780000,0x00000000e3f00000)
 ParOldGen       total 130048K, used 1890K [0x00000000a0000000, 0x00000000a7f00000, 0x00000000e0000000)
  object space 130048K, 1% used [0x00000000a0000000,0x00000000a01d8b70,0x00000000a7f00000)
 Metaspace       used 17922K, capacity 18384K, committed 18688K, reserved 1064960K
  class space    used 2574K, capacity 2724K, committed 2816K, reserved 1048576K

Card table byte_map: [0x0000000012060000,0x0000000012370000] byte_map_base: 0x0000000011b60000

Marking Bits: (ParMarkBitMap*) 0x0000000061fa9f30
 Begin Bits: [0x0000000012f70000, 0x0000000014770000)
 End Bits:   [0x0000000014770000, 0x0000000015f70000)

Polling page: 0x00000000011e0000

CodeCache: size=245760Kb used=5551Kb max_used=5567Kb free=240208Kb
 bounds [0x0000000002ca0000, 0x0000000003220000, 0x0000000011ca0000]
 total_blobs=2027 nmethods=1625 adapters=315
 compilation: enabled

Compilation events (10 events):
Event: 2.095 Thread 0x0000000018350000 1629       3       java.lang.Class::getEnclosingClass (60 bytes)
Event: 2.095 Thread 0x0000000018350000 nmethod 1629 0x0000000003209850 code [0x0000000003209a80, 0x000000000320a488]
Event: 2.095 Thread 0x0000000018350000 1627       3       java.lang.invoke.MethodType::erase (8 bytes)
Event: 2.095 Thread 0x0000000018350000 nmethod 1627 0x000000000320a910 code [0x000000000320aa60, 0x000000000320ac50]
Event: 2.099 Thread 0x0000000018350000 1630       3       java.net.URI::match (56 bytes)
Event: 2.099 Thread 0x0000000018350000 nmethod 1630 0x000000000320ad10 code [0x000000000320ae80, 0x000000000320b190]
Event: 2.099 Thread 0x0000000018350000 1631       3       java.net.URI$Parser::scan (73 bytes)
Event: 2.100 Thread 0x0000000018350000 nmethod 1631 0x000000000320b210 code [0x000000000320b3e0, 0x000000000320bae8]
Event: 2.105 Thread 0x0000000018346000 nmethod 1624 0x0000000003210110 code [0x00000000032102e0, 0x0000000003211868]
Event: 2.105 Thread 0x0000000018346000 1628       4       jdk.internal.org.objectweb.asm.Item::set (143 bytes)

GC Heap History (6 events):
Event: 0.683 GC heap before
{Heap before GC invocations=1 (full 0):
 PSYoungGen      total 56832K, used 49152K [0x00000000e0000000, 0x00000000e3f00000, 0x0000000100000000)
  eden space 49152K, 100% used [0x00000000e0000000,0x00000000e3000000,0x00000000e3000000)
  from space 7680K, 0% used [0x00000000e3780000,0x00000000e3780000,0x00000000e3f00000)
  to   space 7680K, 0% used [0x00000000e3000000,0x00000000e3000000,0x00000000e3780000)
 ParOldGen       total 130048K, used 0K [0x00000000a0000000, 0x00000000a7f00000, 0x00000000e0000000)
  object space 130048K, 0% used [0x00000000a0000000,0x00000000a0000000,0x00000000a7f00000)
 Metaspace       used 6749K, capacity 6896K, committed 7040K, reserved 1056768K
  class space    used 819K, capacity 876K, committed 896K, reserved 1048576K
Event: 0.686 GC heap after
Heap after GC invocations=1 (full 0):
 PSYoungGen      total 56832K, used 4529K [0x00000000e0000000, 0x00000000e3f00000, 0x0000000100000000)
  eden space 49152K, 0% used [0x00000000e0000000,0x00000000e0000000,0x00000000e3000000)
  from space 7680K, 58% used [0x00000000e3000000,0x00000000e346c678,0x00000000e3780000)
  to   space 7680K, 0% used [0x00000000e3780000,0x00000000e3780000,0x00000000e3f00000)
 ParOldGen       total 130048K, used 8K [0x00000000a0000000, 0x00000000a7f00000, 0x00000000e0000000)
  object space 130048K, 0% used [0x00000000a0000000,0x00000000a0002000,0x00000000a7f00000)
 Metaspace       used 6749K, capacity 6896K, committed 7040K, reserved 1056768K
  class space    used 819K, capacity 876K, committed 896K, reserved 1048576K
}
Event: 1.698 GC heap before
{Heap before GC invocations=2 (full 0):
 PSYoungGen      total 56832K, used 53681K [0x00000000e0000000, 0x00000000e3f00000, 0x0000000100000000)
  eden space 49152K, 100% used [0x00000000e0000000,0x00000000e3000000,0x00000000e3000000)
  from space 7680K, 58% used [0x00000000e3000000,0x00000000e346c678,0x00000000e3780000)
  to   space 7680K, 0% used [0x00000000e3780000,0x00000000e3780000,0x00000000e3f00000)
 ParOldGen       total 130048K, used 8K [0x00000000a0000000, 0x00000000a7f00000, 0x00000000e0000000)
  object space 130048K, 0% used [0x00000000a0000000,0x00000000a0002000,0x00000000a7f00000)
 Metaspace       used 12244K, capacity 12666K, committed 12800K, reserved 1060864K
  class space    used 1637K, capacity 1771K, committed 1792K, reserved 1048576K
Event: 1.703 GC heap after
Heap after GC invocations=2 (full 0):
 PSYoungGen      total 56832K, used 6908K [0x00000000e0000000, 0x00000000e3f00000, 0x0000000100000000)
  eden space 49152K, 0% used [0x00000000e0000000,0x00000000e0000000,0x00000000e3000000)
  from space 7680K, 89% used [0x00000000e3780000,0x00000000e3e3f230,0x00000000e3f00000)
  to   space 7680K, 0% used [0x00000000e3000000,0x00000000e3000000,0x00000000e3780000)
 ParOldGen       total 130048K, used 16K [0x00000000a0000000, 0x00000000a7f00000, 0x00000000e0000000)
  object space 130048K, 0% used [0x00000000a0000000,0x00000000a0004000,0x00000000a7f00000)
 Metaspace       used 12244K, capacity 12666K, committed 12800K, reserved 1060864K
  class space    used 1637K, capacity 1771K, committed 1792K, reserved 1048576K
}
Event: 1.969 GC heap before
{Heap before GC invocations=3 (full 0):
 PSYoungGen      total 56832K, used 56060K [0x00000000e0000000, 0x00000000e3f00000, 0x0000000100000000)
  eden space 49152K, 100% used [0x00000000e0000000,0x00000000e3000000,0x00000000e3000000)
  from space 7680K, 89% used [0x00000000e3780000,0x00000000e3e3f230,0x00000000e3f00000)
  to   space 7680K, 0% used [0x00000000e3000000,0x00000000e3000000,0x00000000e3780000)
 ParOldGen       total 130048K, used 16K [0x00000000a0000000, 0x00000000a7f00000, 0x00000000e0000000)
  object space 130048K, 0% used [0x00000000a0000000,0x00000000a0004000,0x00000000a7f00000)
 Metaspace       used 15948K, capacity 16430K, committed 16640K, reserved 1062912K
  class space    used 2264K, capacity 2435K, committed 2560K, reserved 1048576K
Event: 1.975 GC heap after
Heap after GC invocations=3 (full 0):
 PSYoungGen      total 56832K, used 7670K [0x00000000e0000000, 0x00000000e3f00000, 0x0000000100000000)
  eden space 49152K, 0% used [0x00000000e0000000,0x00000000e0000000,0x00000000e3000000)
  from space 7680K, 99% used [0x00000000e3000000,0x00000000e377da58,0x00000000e3780000)
  to   space 7680K, 0% used [0x00000000e3780000,0x00000000e3780000,0x00000000e3f00000)
 ParOldGen       total 130048K, used 1890K [0x00000000a0000000, 0x00000000a7f00000, 0x00000000e0000000)
  object space 130048K, 1% used [0x00000000a0000000,0x00000000a01d8b70,0x00000000a7f00000)
 Metaspace       used 15948K, capacity 16430K, committed 16640K, reserved 1062912K
  class space    used 2264K, capacity 2435K, committed 2560K, reserved 1048576K
}

Deoptimization events (10 events):
Event: 1.673 Thread 0x000000001bccc000 Uncommon trap: reason=bimorphic action=maybe_recompile pc=0x0000000002ef3ba4 method=java.util.HashMap.putVal(ILjava/lang/Object;Ljava/lang/Object;ZZ)Ljava/lang/Object; @ 253
Event: 1.796 Thread 0x000000001bccc000 Uncommon trap: reason=class_check action=maybe_recompile pc=0x0000000002f6d158 method=java.util.regex.Matcher.match(II)Z @ 86
Event: 1.803 Thread 0x000000001bccc000 Uncommon trap: reason=class_check action=maybe_recompile pc=0x0000000002f6d158 method=java.util.regex.Matcher.match(II)Z @ 86
Event: 1.803 Thread 0x000000001bccc000 Uncommon trap: reason=class_check action=maybe_recompile pc=0x0000000002f6d158 method=java.util.regex.Matcher.match(II)Z @ 86
Event: 1.803 Thread 0x000000001bccc000 Uncommon trap: reason=class_check action=maybe_recompile pc=0x0000000002e0f3dc method=java.util.regex.Matcher.match(II)Z @ 86
Event: 1.926 Thread 0x000000001bccc000 Uncommon trap: reason=unstable_if action=reinterpret pc=0x0000000003123bf4 method=java.lang.String.lastIndexOf([CII[CIII)I @ 66
Event: 1.985 Thread 0x000000001bccc000 Uncommon trap: reason=unstable_if action=reinterpret pc=0x0000000003129474 method=java.util.HashMap.putVal(ILjava/lang/Object;Ljava/lang/Object;ZZ)Ljava/lang/Object; @ 236
Event: 2.099 Thread 0x000000001bccc000 Uncommon trap: reason=unstable_if action=reinterpret pc=0x0000000002fe21c8 method=java.net.URI.match(CJJ)Z @ 19
Event: 2.099 Thread 0x000000001bccc000 Uncommon trap: reason=unstable_if action=reinterpret pc=0x0000000002e13508 method=java.net.URI.match(CJJ)Z @ 19
Event: 2.099 Thread 0x000000001bccc000 Uncommon trap: reason=unstable_if action=reinterpret pc=0x0000000002eee200 method=java.net.URI.match(CJJ)Z @ 19

Classes redefined (0 events):
No events

Internal exceptions (10 events):
Event: 1.649 Thread 0x000000001bc3d800 Exception <a 'java/lang/NoSuchMethodError': <clinit>> (0x00000000e2a8af08) thrown at [D:\src\AOSP-openjdk-cygwin\jdk8u\hotspot\src\share\vm\prims\jni.cpp, line 1614]
Event: 1.649 Thread 0x000000001bc3d800 Exception <a 'java/lang/NoSuchMethodError': <clinit>> (0x00000000e2a93b98) thrown at [D:\src\AOSP-openjdk-cygwin\jdk8u\hotspot\src\share\vm\prims\jni.cpp, line 1614]
Event: 1.650 Thread 0x000000001bc3d800 Exception <a 'java/lang/NoSuchMethodError': <clinit>> (0x00000000e2aaa168) thrown at [D:\src\AOSP-openjdk-cygwin\jdk8u\hotspot\src\share\vm\prims\jni.cpp, line 1614]
Event: 1.654 Thread 0x000000001bc3d800 Exception <a 'java/lang/NoSuchMethodError': <clinit>> (0x00000000e2b086c8) thrown at [D:\src\AOSP-openjdk-cygwin\jdk8u\hotspot\src\share\vm\prims\jni.cpp, line 1614]
Event: 1.657 Thread 0x000000001bc3d800 Exception <a 'java/lang/NoSuchMethodError': <clinit>> (0x00000000e2b353b8) thrown at [D:\src\AOSP-openjdk-cygwin\jdk8u\hotspot\src\share\vm\prims\jni.cpp, line 1614]
Event: 1.659 Thread 0x000000001bc3d800 Exception <a 'java/lang/NoSuchMethodError': <clinit>> (0x00000000e2b63660) thrown at [D:\src\AOSP-openjdk-cygwin\jdk8u\hotspot\src\share\vm\prims\jni.cpp, line 1614]
Event: 1.660 Thread 0x000000001bc3d800 Exception <a 'java/lang/NoSuchMethodError': <clinit>> (0x00000000e2b6ea78) thrown at [D:\src\AOSP-openjdk-cygwin\jdk8u\hotspot\src\share\vm\prims\jni.cpp, line 1614]
Event: 1.911 Thread 0x000000001bccc000 Exception <a 'java/lang/NoSuchMethodError': java.lang.Object.lambda$and$0(Ljava/util/function/Predicate;Ljava/lang/Object;)Z> (0x00000000e28441b8) thrown at [D:\src\AOSP-openjdk-cygwin\jdk8u\hotspot\src\share\vm\interpreter\linkResolver.cpp, line 620]
Event: 1.914 Thread 0x000000001bccc000 Exception <a 'java/lang/IncompatibleClassChangeError': Found class java.lang.Object, but interface was expected> (0x00000000e285a4e0) thrown at [D:\src\AOSP-openjdk-cygwin\jdk8u\hotspot\src\share\vm\interpreter\linkResolver.cpp, line 653]
Event: 1.915 Thread 0x000000001bccc000 Exception <a 'java/lang/NoSuchMethodError': java.lang.Object.lambda$or$2(Ljava/util/function/Predicate;Ljava/lang/Object;)Z> (0x00000000e285f3f0) thrown at [D:\src\AOSP-openjdk-cygwin\jdk8u\hotspot\src\share\vm\interpreter\linkResolver.cpp, line 620]

Events (10 events):
Event: 2.109 loading class org/gradle/api/NamedDomainObjectSet
Event: 2.109 loading class org/gradle/api/NamedDomainObjectSet done
Event: 2.109 loading class org/gradle/api/NamedDomainObjectCollection
Event: 2.109 loading class org/gradle/api/NamedDomainObjectCollection done
Event: 2.110 loading class org/gradle/api/PolymorphicDomainObjectContainer
Event: 2.110 loading class org/gradle/api/PolymorphicDomainObjectContainer done
Event: 2.110 loading class org/gradle/api/NamedDomainObjectContainer
Event: 2.110 loading class org/gradle/api/NamedDomainObjectContainer done
Event: 2.110 loading class org/gradle/util/Configurable
Event: 2.110 loading class org/gradle/util/Configurable done


Dynamic libraries:
0x00007ff746830000 - 0x00007ff746861000 	C:\Program Files\Android\Android Studio\jre\bin\java.exe
0x00007ffbf0180000 - 0x00007ffbf0370000 	C:\WINDOWS\SYSTEM32\ntdll.dll
0x00007ffbefa50000 - 0x00007ffbefb02000 	C:\WINDOWS\System32\KERNEL32.DLL
0x00007ffbed630000 - 0x00007ffbed8d3000 	C:\WINDOWS\System32\KERNELBASE.dll
0x00007ffbefd50000 - 0x00007ffbefdf3000 	C:\WINDOWS\System32\ADVAPI32.dll
0x00007ffbef390000 - 0x00007ffbef42e000 	C:\WINDOWS\System32\msvcrt.dll
0x00007ffbee6e0000 - 0x00007ffbee777000 	C:\WINDOWS\System32\sechost.dll
0x00007ffbee550000 - 0x00007ffbee670000 	C:\WINDOWS\System32\RPCRT4.dll
0x00007ffbefe00000 - 0x00007ffbeff94000 	C:\WINDOWS\System32\USER32.dll
0x00007ffbed170000 - 0x00007ffbed191000 	C:\WINDOWS\System32\win32u.dll
0x00007ffbef360000 - 0x00007ffbef386000 	C:\WINDOWS\System32\GDI32.dll
0x00007ffbed8e0000 - 0x00007ffbeda74000 	C:\WINDOWS\System32\gdi32full.dll
0x00007ffbed510000 - 0x00007ffbed5ae000 	C:\WINDOWS\System32\msvcp_win.dll
0x00007ffbed2c0000 - 0x00007ffbed3ba000 	C:\WINDOWS\System32\ucrtbase.dll
0x00007ffbde020000 - 0x00007ffbde2a5000 	C:\WINDOWS\WinSxS\amd64_microsoft.windows.common-controls_6595b64144ccf1df_6.0.18362.778_none_e6c6b761130d4fb8\COMCTL32.dll
0x00007ffbef020000 - 0x00007ffbef356000 	C:\WINDOWS\System32\combase.dll
0x00007ffbed5b0000 - 0x00007ffbed630000 	C:\WINDOWS\System32\bcryptPrimitives.dll
0x00007ffbee2e0000 - 0x00007ffbee30e000 	C:\WINDOWS\System32\IMM32.DLL
0x0000000062480000 - 0x0000000062552000 	C:\Program Files\Android\Android Studio\jre\jre\bin\msvcr100.dll
0x00000000617e0000 - 0x0000000062026000 	C:\Program Files\Android\Android Studio\jre\jre\bin\server\jvm.dll
0x00007ffbee310000 - 0x00007ffbee318000 	C:\WINDOWS\System32\PSAPI.DLL
0x00007ffbe6510000 - 0x00007ffbe6519000 	C:\WINDOWS\SYSTEM32\WSOCK32.dll
0x00007ffbe66d0000 - 0x00007ffbe66da000 	C:\WINDOWS\SYSTEM32\VERSION.dll
0x00007ffbdba60000 - 0x00007ffbdba84000 	C:\WINDOWS\SYSTEM32\WINMM.dll
0x00007ffbeefb0000 - 0x00007ffbef01f000 	C:\WINDOWS\System32\WS2_32.dll
0x00007ffbe0d70000 - 0x00007ffbe0d9d000 	C:\WINDOWS\SYSTEM32\winmmbase.dll
0x00007ffbed270000 - 0x00007ffbed2ba000 	C:\WINDOWS\System32\cfgmgr32.dll
0x00007ffbe5860000 - 0x00007ffbe586f000 	C:\Program Files\Android\Android Studio\jre\jre\bin\verify.dll
0x00007ffbd4680000 - 0x00007ffbd46a9000 	C:\Program Files\Android\Android Studio\jre\jre\bin\java.dll
0x00007ffbcdc20000 - 0x00007ffbcdc36000 	C:\Program Files\Android\Android Studio\jre\jre\bin\zip.dll
0x00007ffbee830000 - 0x00007ffbeef15000 	C:\WINDOWS\System32\SHELL32.dll
0x00007ffbee780000 - 0x00007ffbee829000 	C:\WINDOWS\System32\shcore.dll
0x00007ffbedab0000 - 0x00007ffbee230000 	C:\WINDOWS\System32\windows.storage.dll
0x00007ffbed0e0000 - 0x00007ffbed103000 	C:\WINDOWS\System32\profapi.dll
0x00007ffbed090000 - 0x00007ffbed0da000 	C:\WINDOWS\System32\powrprof.dll
0x00007ffbed040000 - 0x00007ffbed050000 	C:\WINDOWS\System32\UMPDC.dll
0x00007ffbef8a0000 - 0x00007ffbef8f2000 	C:\WINDOWS\System32\shlwapi.dll
0x00007ffbed070000 - 0x00007ffbed081000 	C:\WINDOWS\System32\kernel.appcore.dll
0x00007ffbed1a0000 - 0x00007ffbed1b7000 	C:\WINDOWS\System32\cryptsp.dll
0x00007ffbcdb00000 - 0x00007ffbcdb1a000 	C:\Program Files\Android\Android Studio\jre\jre\bin\net.dll
0x00007ffbdfcf0000 - 0x00007ffbdfec5000 	C:\WINDOWS\SYSTEM32\urlmon.dll
0x00007ffbdf940000 - 0x00007ffbdfbe6000 	C:\WINDOWS\SYSTEM32\iertutil.dll
0x00007ffbec9f0000 - 0x00007ffbec9fc000 	C:\WINDOWS\SYSTEM32\CRYPTBASE.DLL
0x00007ffbec820000 - 0x00007ffbec887000 	C:\WINDOWS\system32\mswsock.dll
0x00007ffbcdae0000 - 0x00007ffbcdaf3000 	C:\Program Files\Android\Android Studio\jre\jre\bin\nio.dll
0x00007ffbcfa20000 - 0x00007ffbcfa46000 	C:\Users\10673\.gradle\native\30\windows-amd64\native-platform.dll
0x00007ffbe50e0000 - 0x00007ffbe50ed000 	C:\Program Files\Android\Android Studio\jre\jre\bin\management.dll
0x00007ffbec390000 - 0x00007ffbec3c3000 	C:\WINDOWS\system32\rsaenh.dll
0x00007ffbeda80000 - 0x00007ffbedaa6000 	C:\WINDOWS\System32\bcrypt.dll
0x00007ffbecf30000 - 0x00007ffbecf55000 	C:\WINDOWS\SYSTEM32\USERENV.dll
0x00007ffbec530000 - 0x00007ffbec56a000 	C:\WINDOWS\SYSTEM32\IPHLPAPI.DLL
0x00007ffbefd40000 - 0x00007ffbefd48000 	C:\WINDOWS\System32\NSI.dll
0x00007ffbe5190000 - 0x00007ffbe51a6000 	C:\WINDOWS\SYSTEM32\dhcpcsvc6.DLL
0x00007ffbe5a30000 - 0x00007ffbe5a4c000 	C:\WINDOWS\SYSTEM32\dhcpcsvc.DLL
0x00007ffbec570000 - 0x00007ffbec63a000 	C:\WINDOWS\SYSTEM32\DNSAPI.dll

VM Arguments:
jvm_args: -Xmx1536m -Dfile.encoding=windows-1252 -Duser.country=US -Duser.language=en -Duser.variant 
java_command: org.gradle.launcher.daemon.bootstrap.GradleDaemon 5.6.4
java_class_path (initial): C:\Users\10673\.gradle\wrapper\dists\gradle-5.6.4-all\ankdp27end7byghfw1q2sw75f\gradle-5.6.4\lib\gradle-launcher-5.6.4.jar
Launcher Type: SUN_STANDARD

Environment Variables:
PATH=C:\WINDOWS\system32;C:\WINDOWS;C:\WINDOWS\System32\Wbem;C:\WINDOWS\System32\WindowsPowerShell\v1.0\;C:\WINDOWS\System32\OpenSSH\;C:\Users\10673\AppData\Local\Microsoft\WindowsApps;
USERNAME=10673
OS=Windows_NT
PROCESSOR_IDENTIFIER=Intel64 Family 6 Model 158 Stepping 10, GenuineIntel



---------------  S Y S T E M  ---------------

OS: Windows 10.0 , 64 bit Build 18362 (10.0.18362.778)

CPU:total 12 (initial active 12) (6 cores per cpu, 2 threads per core) family 6 model 158 stepping 10, cmov, cx8, fxsr, mmx, sse, sse2, sse3, ssse3, sse4.1, sse4.2, popcnt, avx, avx2, aes, clmul, erms, 3dnowpref, lzcnt, ht, tsc, tscinvbit, bmi1, bmi2, adx

Memory: 4k page, physical 12439208k(410636k free), swap 26130084k(5408k free)

vm_info: OpenJDK 64-Bit Server VM (25.212-b04) for windows-amd64 JRE (1.8.0_212-release-1586-b04), built by "builder" with MS VC++ 10.0 (VS2010)

time: Wed Apr 22 23:57:13 2020
timezone: AUS Eastern Standard Time
elapsed time: 2 seconds (0d 0h 0m 2s)

