#
# There is insufficient memory for the Java Runtime Environment to continue.
# Native memory allocation (malloc) failed to allocate 2523376 bytes for Chunk::new
# Possible reasons:
#   The system is out of physical RAM or swap space
#   The process is running with CompressedOops enabled, and the Java Heap may be blocking the growth of the native heap
# Possible solutions:
#   Reduce memory load on the system
#   Increase physical memory or swap space
#   Check if swap backing store is full
#   Decrease Java heap size (-Xmx/-Xms)
#   Decrease number of Java threads
#   Decrease Java thread stack sizes (-Xss)
#   Set larger code cache with -XX:ReservedCodeCacheSize=
#   JVM is running with Unscaled Compressed Oops mode in which the Java heap is
#     placed in the first 4GB address space. The Java Heap base address is the
#     maximum limit for the native heap growth. Please use -XX:HeapBaseMinAddress
#     to set the Java Heap base and to place the Java Heap above 4GB virtual address.
# This output file may be truncated or incomplete.
#
#  Out of Memory Error (allocation.cpp:389), pid=39544, tid=0x00000000000077d8
#
# JRE version: OpenJDK Runtime Environment (8.0_212-b04) (build 1.8.0_212-release-1586-b04)
# Java VM: OpenJDK 64-Bit Server VM (25.212-b04 mixed mode windows-amd64 compressed oops)
# Failed to write core dump. Minidumps are not enabled by default on client versions of Windows
#

---------------  T H R E A D  ---------------

Current thread (0x0000000017e9c000):  JavaThread "C2 CompilerThread2" daemon [_thread_in_native, id=30680, stack(0x00000000196f0000,0x00000000197f0000)]

Stack: [0x00000000196f0000,0x00000000197f0000]
[error occurred during error reporting (printing stack bounds), id 0xc0000005]

Native frames: (J=compiled Java code, j=interpreted, Vv=VM code, C=native code)


Current CompileTask:
C2:   2857 1466   !   4       java.net.URLClassLoader$1::run (63 bytes)


---------------  P R O C E S S  ---------------

Java Threads: ( => current thread )
  0x000000001b83b000 JavaThread "Cache worker for file hash cache (C:\Users\10673\AndroidStudioProjects\Timer\.gradle\5.6.4\fileHashes)" [_thread_blocked, id=33972, stack(0x000000001fc60000,0x000000001fd60000)]
  0x000000001b83b800 JavaThread "Cache worker for journal cache (C:\Users\10673\.gradle\caches\journal-1)" [_thread_blocked, id=27264, stack(0x000000001d910000,0x000000001da10000)]
  0x000000001b835000 JavaThread "File lock request listener" [_thread_in_native, id=36040, stack(0x000000001d810000,0x000000001d910000)]
  0x000000001b835800 JavaThread "Cache worker for file hash cache (C:\Users\10673\.gradle\caches\5.6.4\fileHashes)" [_thread_blocked, id=36856, stack(0x000000001d510000,0x000000001d610000)]
  0x000000001b63d000 JavaThread "Thread-9" [_thread_blocked, id=40612, stack(0x000000001d410000,0x000000001d510000)]
  0x000000001b63b800 JavaThread "Stdin handler" [_thread_blocked, id=36892, stack(0x000000001d310000,0x000000001d410000)]
  0x000000001b63b000 JavaThread "Asynchronous log dispatcher for DefaultDaemonConnection: socket connection from /127.0.0.1:55506 to /127.0.0.1:55507" [_thread_blocked, id=41496, stack(0x000000001d210000,0x000000001d310000)]
  0x000000001b641000 JavaThread "Daemon worker" [_thread_in_vm, id=9076, stack(0x000000001d110000,0x000000001d210000)]
  0x000000001b63c800 JavaThread "Cancel handler" [_thread_blocked, id=3676, stack(0x000000001d010000,0x000000001d110000)]
  0x000000001b63f800 JavaThread "Handler for socket connection from /127.0.0.1:55506 to /127.0.0.1:55507" [_thread_in_native, id=31148, stack(0x000000001cd10000,0x000000001ce10000)]
  0x000000001b640000 JavaThread "Daemon" [_thread_blocked, id=38596, stack(0x000000001cc10000,0x000000001cd10000)]
  0x000000001b63e000 JavaThread "Daemon periodic checks" [_thread_blocked, id=12948, stack(0x000000001cb10000,0x000000001cc10000)]
  0x000000001b63e800 JavaThread "Incoming local TCP Connector on port 55506" [_thread_in_native, id=37572, stack(0x000000001c8d0000,0x000000001c9d0000)]
  0x000000001b641800 JavaThread "Daemon health stats" [_thread_blocked, id=41816, stack(0x000000001c290000,0x000000001c390000)]
  0x0000000017f20800 JavaThread "Service Thread" daemon [_thread_blocked, id=37896, stack(0x00000000198f0000,0x00000000199f0000)]
  0x0000000017e9c800 JavaThread "C1 CompilerThread3" daemon [_thread_blocked, id=39196, stack(0x00000000197f0000,0x00000000198f0000)]
=>0x0000000017e9c000 JavaThread "C2 CompilerThread2" daemon [_thread_in_native, id=30680, stack(0x00000000196f0000,0x00000000197f0000)]
  0x0000000017e98800 JavaThread "C2 CompilerThread1" daemon [_thread_in_native, id=41648, stack(0x00000000195f0000,0x00000000196f0000)]
  0x0000000017e92800 JavaThread "C2 CompilerThread0" daemon [_thread_blocked, id=37852, stack(0x00000000194f0000,0x00000000195f0000)]
  0x0000000017e8b000 JavaThread "Attach Listener" daemon [_thread_blocked, id=41728, stack(0x00000000193f0000,0x00000000194f0000)]
  0x0000000017e8a000 JavaThread "Signal Dispatcher" daemon [_thread_blocked, id=3408, stack(0x00000000192f0000,0x00000000193f0000)]
  0x00000000167c2000 JavaThread "Finalizer" daemon [_thread_blocked, id=37736, stack(0x00000000190f0000,0x00000000191f0000)]
  0x0000000017e83000 JavaThread "Reference Handler" daemon [_thread_blocked, id=29444, stack(0x0000000018ff0000,0x00000000190f0000)]
  0x00000000026fe000 JavaThread "main" [_thread_blocked, id=41164, stack(0x00000000025d0000,0x00000000026d0000)]

Other Threads:
  0x00000000167b5800 VMThread [stack: 0x0000000018ef0000,0x0000000018ff0000] [id=41432]
  0x0000000017f21800 WatcherThread [stack: 0x00000000199f0000,0x0000000019af0000] [id=40760]

VM state:not at safepoint (normal execution)

VM Mutex/Monitor currently owned by a thread: None

heap address: 0x00000000a0000000, size: 1536 MB, Compressed Oops mode: 32-bit
Narrow klass base: 0x0000000000000000, Narrow klass shift: 3
Compressed class space size: 1073741824 Address: 0x0000000100000000

Heap:
 PSYoungGen      total 56832K, used 27306K [0x00000000e0000000, 0x00000000e3f00000, 0x0000000100000000)
  eden space 49152K, 39% used [0x00000000e0000000,0x00000000e13325c8,0x00000000e3000000)
  from space 7680K, 99% used [0x00000000e3000000,0x00000000e37785b0,0x00000000e3780000)
  to   space 7680K, 0% used [0x00000000e3780000,0x00000000e3780000,0x00000000e3f00000)
 ParOldGen       total 130048K, used 1897K [0x00000000a0000000, 0x00000000a7f00000, 0x00000000e0000000)
  object space 130048K, 1% used [0x00000000a0000000,0x00000000a01da758,0x00000000a7f00000)
 Metaspace       used 17710K, capacity 18096K, committed 18432K, reserved 1064960K
  class space    used 2540K, capacity 2692K, committed 2816K, reserved 1048576K

Card table byte_map: [0x0000000011bc0000,0x0000000011ed0000] byte_map_base: 0x00000000116c0000

Marking Bits: (ParMarkBitMap*) 0x0000000061fa9f30
 Begin Bits: [0x0000000012ad0000, 0x00000000142d0000)
 End Bits:   [0x00000000142d0000, 0x0000000015ad0000)

Polling page: 0x00000000003f0000

CodeCache: size=245760Kb used=5526Kb max_used=5526Kb free=240233Kb
 bounds [0x0000000002800000, 0x0000000002d70000, 0x0000000011800000]
 total_blobs=2012 nmethods=1610 adapters=314
 compilation: disabled (not enough contiguous free space left)

Compilation events (10 events):
Event: 2.841 Thread 0x0000000017e9c800 1612       3       org.objectweb.asm.SymbolTable::addConstantUtf8 (98 bytes)
Event: 2.841 Thread 0x0000000017e9c800 nmethod 1612 0x0000000002d67110 code [0x0000000002d67300, 0x0000000002d67ad8]
Event: 2.841 Thread 0x0000000017e9c800 1615       3       org.objectweb.asm.SymbolTable::put (150 bytes)
Event: 2.842 Thread 0x0000000017e9c800 nmethod 1615 0x0000000002d67f10 code [0x0000000002d680c0, 0x0000000002d687f0]
Event: 2.842 Thread 0x0000000017e9c800 1613       3       org.objectweb.asm.ByteVector::putByte (39 bytes)
Event: 2.842 Thread 0x0000000017e9c800 nmethod 1613 0x0000000002d65d50 code [0x0000000002d65ec0, 0x0000000002d660e8]
Event: 2.842 Thread 0x0000000017e9c800 1610       3       org.objectweb.asm.Symbol::<init> (38 bytes)
Event: 2.842 Thread 0x0000000017e9c800 nmethod 1610 0x0000000002d62a10 code [0x0000000002d62b60, 0x0000000002d62d70]
Event: 2.842 Thread 0x0000000017e9c800 1614       3       org.objectweb.asm.Frame::execute (2318 bytes)
Event: 2.846 Thread 0x0000000017e9c800 


GC Heap History (6 events):
Event: 1.045 GC heap before
{Heap before GC invocations=1 (full 0):
 PSYoungGen      total 56832K, used 49152K [0x00000000e0000000, 0x00000000e3f00000, 0x0000000100000000)
  eden space 49152K, 100% used [0x00000000e0000000,0x00000000e3000000,0x00000000e3000000)
  from space 7680K, 0% used [0x00000000e3780000,0x00000000e3780000,0x00000000e3f00000)
  to   space 7680K, 0% used [0x00000000e3000000,0x00000000e3000000,0x00000000e3780000)
 ParOldGen       total 130048K, used 0K [0x00000000a0000000, 0x00000000a7f00000, 0x00000000e0000000)
  object space 130048K, 0% used [0x00000000a0000000,0x00000000a0000000,0x00000000a7f00000)
 Metaspace       used 6741K, capacity 6896K, committed 7040K, reserved 1056768K
  class space    used 819K, capacity 876K, committed 896K, reserved 1048576K
Event: 1.050 GC heap after
Heap after GC invocations=1 (full 0):
 PSYoungGen      total 56832K, used 4551K [0x00000000e0000000, 0x00000000e3f00000, 0x0000000100000000)
  eden space 49152K, 0% used [0x00000000e0000000,0x00000000e0000000,0x00000000e3000000)
  from space 7680K, 59% used [0x00000000e3000000,0x00000000e3471c68,0x00000000e3780000)
  to   space 7680K, 0% used [0x00000000e3780000,0x00000000e3780000,0x00000000e3f00000)
 ParOldGen       total 130048K, used 8K [0x00000000a0000000, 0x00000000a7f00000, 0x00000000e0000000)
  object space 130048K, 0% used [0x00000000a0000000,0x00000000a0002000,0x00000000a7f00000)
 Metaspace       used 6741K, capacity 6896K, committed 7040K, reserved 1056768K
  class space    used 819K, capacity 876K, committed 896K, reserved 1048576K
}
Event: 2.316 GC heap before
{Heap before GC invocations=2 (full 0):
 PSYoungGen      total 56832K, used 53703K [0x00000000e0000000, 0x00000000e3f00000, 0x0000000100000000)
  eden space 49152K, 100% used [0x00000000e0000000,0x00000000e3000000,0x00000000e3000000)
  from space 7680K, 59% used [0x00000000e3000000,0x00000000e3471c68,0x00000000e3780000)
  to   space 7680K, 0% used [0x00000000e3780000,0x00000000e3780000,0x00000000e3f00000)
 ParOldGen       total 130048K, used 8K [0x00000000a0000000, 0x00000000a7f00000, 0x00000000e0000000)
  object space 130048K, 0% used [0x00000000a0000000,0x00000000a0002000,0x00000000a7f00000)
 Metaspace       used 12275K, capacity 12698K, committed 12928K, reserved 1060864K
  class space    used 1641K, capacity 1803K, committed 1920K, reserved 1048576K
Event: 2.322 GC heap after
Heap after GC invocations=2 (full 0):
 PSYoungGen      total 56832K, used 7016K [0x00000000e0000000, 0x00000000e3f00000, 0x0000000100000000)
  eden space 49152K, 0% used [0x00000000e0000000,0x00000000e0000000,0x00000000e3000000)
  from space 7680K, 91% used [0x00000000e3780000,0x00000000e3e5a1a0,0x00000000e3f00000)
  to   space 7680K, 0% used [0x00000000e3000000,0x00000000e3000000,0x00000000e3780000)
 ParOldGen       total 130048K, used 16K [0x00000000a0000000, 0x00000000a7f00000, 0x00000000e0000000)
  object space 130048K, 0% used [0x00000000a0000000,0x00000000a0004000,0x00000000a7f00000)
 Metaspace       used 12275K, capacity 12698K, committed 12928K, reserved 1060864K
  class space    used 1641K, capacity 1803K, committed 1920K, reserved 1048576K
}
Event: 2.703 GC heap before
{Heap before GC invocations=3 (full 0):
 PSYoungGen      total 56832K, used 56168K [0x00000000e0000000, 0x00000000e3f00000, 0x0000000100000000)
  eden space 49152K, 100% used [0x00000000e0000000,0x00000000e3000000,0x00000000e3000000)
  from space 7680K, 91% used [0x00000000e3780000,0x00000000e3e5a1a0,0x00000000e3f00000)
  to   space 7680K, 0% used [0x00000000e3000000,0x00000000e3000000,0x00000000e3780000)
 ParOldGen       total 130048K, used 16K [0x00000000a0000000, 0x00000000a7f00000, 0x00000000e0000000)
  object space 130048K, 0% used [0x00000000a0000000,0x00000000a0004000,0x00000000a7f00000)
 Metaspace       used 16014K, capacity 16430K, committed 16640K, reserved 1062912K
  class space    used 2272K, capacity 2435K, committed 2560K, reserved 1048576K
Event: 2.709 GC heap after
Heap after GC invocations=3 (full 0):
 PSYoungGen      total 56832K, used 7649K [0x00000000e0000000, 0x00000000e3f00000, 0x0000000100000000)
  eden space 49152K, 0% used [0x00000000e0000000,0x00000000e0000000,0x00000000e3000000)
  from space 7680K, 99% used [0x00000000e3000000,0x00000000e37785b0,0x00000000e3780000)
  to   space 7680K, 0% used [0x00000000e3780000,0x00000000e3780000,0x00000000e3f00000)
 ParOldGen       total 130048K, used 1897K [0x00000000a0000000, 0x00000000a7f00000, 0x00000000e0000000)
  object space 130048K, 1% used [0x00000000a0000000,0x00000000a01da758,0x00000000a7f00000)
 Metaspace       used 16014K, capacity 16430K, committed 16640K, reserved 1062912K
  class space    used 2272K, capacity 2435K, committed 2560K, reserved 1048576K
}

Deoptimization events (10 events):
Event: 2.238 Thread 0x000000001b63f800 Uncommon trap: reason=unstable_if action=reinterpret pc=0x0000000002bddf70 method=java.util.concurrent.ConcurrentHashMap.putVal(Ljava/lang/Object;Ljava/lang/Object;Z)Ljava/lang/Object; @ 206
Event: 2.279 Thread 0x000000001b641000 Uncommon trap: reason=bimorphic action=maybe_recompile pc=0x0000000002a61c8c method=java.util.HashMap.putVal(ILjava/lang/Object;Ljava/lang/Object;ZZ)Ljava/lang/Object; @ 253
Event: 2.279 Thread 0x000000001b641000 Uncommon trap: reason=bimorphic action=maybe_recompile pc=0x0000000002a61c8c method=java.util.HashMap.putVal(ILjava/lang/Object;Ljava/lang/Object;ZZ)Ljava/lang/Object; @ 253
Event: 2.279 Thread 0x000000001b641000 Uncommon trap: reason=bimorphic action=maybe_recompile pc=0x0000000002a61c8c method=java.util.HashMap.putVal(ILjava/lang/Object;Ljava/lang/Object;ZZ)Ljava/lang/Object; @ 253
Event: 2.445 Thread 0x000000001b641000 Uncommon trap: reason=class_check action=maybe_recompile pc=0x0000000002ad75d8 method=java.util.regex.Matcher.match(II)Z @ 86
Event: 2.453 Thread 0x000000001b641000 Uncommon trap: reason=class_check action=maybe_recompile pc=0x0000000002ad75d8 method=java.util.regex.Matcher.match(II)Z @ 86
Event: 2.453 Thread 0x000000001b641000 Uncommon trap: reason=class_check action=maybe_recompile pc=0x0000000002ad75d8 method=java.util.regex.Matcher.match(II)Z @ 86
Event: 2.453 Thread 0x000000001b641000 Uncommon trap: reason=class_check action=maybe_recompile pc=0x0000000002972bdc method=java.util.regex.Matcher.match(II)Z @ 86
Event: 2.637 Thread 0x000000001b641000 Uncommon trap: reason=unstable_if action=reinterpret pc=0x0000000002c935b4 method=java.lang.String.lastIndexOf([CII[CIII)I @ 66
Event: 2.717 Thread 0x000000001b641000 Uncommon trap: reason=unstable_if action=reinterpret pc=0x0000000002c84d34 method=java.util.HashMap.putVal(ILjava/lang/Object;Ljava/lang/Object;ZZ)Ljava/lang/Object; @ 236

Classes redefined (0 events):
No events

Internal exceptions (10 events):
Event: 2.249 Thread 0x000000001b63f800 Exception <a 'java/lang/NoSuchMethodError': <clinit>> (0x00000000e2a00520) thrown at [D:\src\AOSP-openjdk-cygwin\jdk8u\hotspot\src\share\vm\prims\jni.cpp, line 1614]
Event: 2.249 Thread 0x000000001b63f800 Exception <a 'java/lang/NoSuchMethodError': <clinit>> (0x00000000e2a091b0) thrown at [D:\src\AOSP-openjdk-cygwin\jdk8u\hotspot\src\share\vm\prims\jni.cpp, line 1614]
Event: 2.250 Thread 0x000000001b63f800 Exception <a 'java/lang/NoSuchMethodError': <clinit>> (0x00000000e2a1f7a0) thrown at [D:\src\AOSP-openjdk-cygwin\jdk8u\hotspot\src\share\vm\prims\jni.cpp, line 1614]
Event: 2.256 Thread 0x000000001b63f800 Exception <a 'java/lang/NoSuchMethodError': <clinit>> (0x00000000e2a7dce0) thrown at [D:\src\AOSP-openjdk-cygwin\jdk8u\hotspot\src\share\vm\prims\jni.cpp, line 1614]
Event: 2.259 Thread 0x000000001b63f800 Exception <a 'java/lang/NoSuchMethodError': <clinit>> (0x00000000e2aaa9f0) thrown at [D:\src\AOSP-openjdk-cygwin\jdk8u\hotspot\src\share\vm\prims\jni.cpp, line 1614]
Event: 2.261 Thread 0x000000001b63f800 Exception <a 'java/lang/NoSuchMethodError': <clinit>> (0x00000000e2ad8c98) thrown at [D:\src\AOSP-openjdk-cygwin\jdk8u\hotspot\src\share\vm\prims\jni.cpp, line 1614]
Event: 2.261 Thread 0x000000001b63f800 Exception <a 'java/lang/NoSuchMethodError': <clinit>> (0x00000000e2ae40c0) thrown at [D:\src\AOSP-openjdk-cygwin\jdk8u\hotspot\src\share\vm\prims\jni.cpp, line 1614]
Event: 2.614 Thread 0x000000001b641000 Exception <a 'java/lang/NoSuchMethodError': java.lang.Object.lambda$and$0(Ljava/util/function/Predicate;Ljava/lang/Object;)Z> (0x00000000e27bcbd8) thrown at [D:\src\AOSP-openjdk-cygwin\jdk8u\hotspot\src\share\vm\interpreter\linkResolver.cpp, line 620]
Event: 2.621 Thread 0x000000001b641000 Exception <a 'java/lang/IncompatibleClassChangeError': Found class java.lang.Object, but interface was expected> (0x00000000e27d2ee8) thrown at [D:\src\AOSP-openjdk-cygwin\jdk8u\hotspot\src\share\vm\interpreter\linkResolver.cpp, line 653]
Event: 2.624 Thread 0x000000001b641000 Exception <a 'java/lang/NoSuchMethodError': java.lang.Object.lambda$or$2(Ljava/util/function/Predicate;Ljava/lang/Object;)Z> (0x00000000e27d7df8) thrown at [D:\src\AOSP-openjdk-cygwin\jdk8u\hotspot\src\share\vm\interpreter\linkResolver.cpp, line 620]

Events (10 events):
Event: 2.856 loading class org/gradle/internal/execution/Context
Event: 2.856 loading class org/gradle/internal/execution/Context done
Event: 2.856 loading class org/gradle/internal/execution/CachingResult
Event: 2.856 loading class org/gradle/internal/execution/CachingResult done
Event: 2.856 loading class org/gradle/internal/execution/UpToDateResult
Event: 2.856 loading class org/gradle/internal/execution/UpToDateResult done
Event: 2.856 loading class org/gradle/internal/execution/SnapshotResult
Event: 2.856 loading class org/gradle/internal/execution/SnapshotResult done
Event: 2.856 loading class org/gradle/internal/execution/Result
Event: 2.856 loading class org/gradle/internal/execution/Result done


Dynamic libraries:
0x00007ff746830000 - 0x00007ff746861000 	C:\Program Files\Android\Android Studio\jre\bin\java.exe
0x00007ffbf0180000 - 0x00007ffbf0370000 	C:\WINDOWS\SYSTEM32\ntdll.dll
0x00007ffbefa50000 - 0x00007ffbefb02000 	C:\WINDOWS\System32\KERNEL32.DLL
0x00007ffbed630000 - 0x00007ffbed8d3000 	C:\WINDOWS\System32\KERNELBASE.dll
0x00007ffbefd50000 - 0x00007ffbefdf3000 	C:\WINDOWS\System32\ADVAPI32.dll
0x00007ffbef390000 - 0x00007ffbef42e000 	C:\WINDOWS\System32\msvcrt.dll
0x00007ffbee6e0000 - 0x00007ffbee777000 	C:\WINDOWS\System32\sechost.dll
0x00007ffbee550000 - 0x00007ffbee670000 	C:\WINDOWS\System32\RPCRT4.dll
0x00007ffbefe00000 - 0x00007ffbeff94000 	C:\WINDOWS\System32\USER32.dll
0x00007ffbed170000 - 0x00007ffbed191000 	C:\WINDOWS\System32\win32u.dll
0x00007ffbef360000 - 0x00007ffbef386000 	C:\WINDOWS\System32\GDI32.dll
0x00007ffbed8e0000 - 0x00007ffbeda74000 	C:\WINDOWS\System32\gdi32full.dll
0x00007ffbed510000 - 0x00007ffbed5ae000 	C:\WINDOWS\System32\msvcp_win.dll
0x00007ffbed2c0000 - 0x00007ffbed3ba000 	C:\WINDOWS\System32\ucrtbase.dll
0x00007ffbde020000 - 0x00007ffbde2a5000 	C:\WINDOWS\WinSxS\amd64_microsoft.windows.common-controls_6595b64144ccf1df_6.0.18362.778_none_e6c6b761130d4fb8\COMCTL32.dll
0x00007ffbef020000 - 0x00007ffbef356000 	C:\WINDOWS\System32\combase.dll
0x00007ffbed5b0000 - 0x00007ffbed630000 	C:\WINDOWS\System32\bcryptPrimitives.dll
0x00007ffbee2e0000 - 0x00007ffbee30e000 	C:\WINDOWS\System32\IMM32.DLL
0x0000000062480000 - 0x0000000062552000 	C:\Program Files\Android\Android Studio\jre\jre\bin\msvcr100.dll
0x00000000617e0000 - 0x0000000062026000 	C:\Program Files\Android\Android Studio\jre\jre\bin\server\jvm.dll
0x00007ffbee310000 - 0x00007ffbee318000 	C:\WINDOWS\System32\PSAPI.DLL
0x00007ffbe66d0000 - 0x00007ffbe66da000 	C:\WINDOWS\SYSTEM32\VERSION.dll
0x00007ffbdba60000 - 0x00007ffbdba84000 	C:\WINDOWS\SYSTEM32\WINMM.dll
0x00007ffbe6510000 - 0x00007ffbe6519000 	C:\WINDOWS\SYSTEM32\WSOCK32.dll
0x00007ffbe0d70000 - 0x00007ffbe0d9d000 	C:\WINDOWS\SYSTEM32\winmmbase.dll
0x00007ffbed270000 - 0x00007ffbed2ba000 	C:\WINDOWS\System32\cfgmgr32.dll
0x00007ffbeefb0000 - 0x00007ffbef01f000 	C:\WINDOWS\System32\ws2_32.DLL
0x00007ffbe5860000 - 0x00007ffbe586f000 	C:\Program Files\Android\Android Studio\jre\jre\bin\verify.dll
0x00007ffbd4680000 - 0x00007ffbd46a9000 	C:\Program Files\Android\Android Studio\jre\jre\bin\java.dll
0x00007ffbcdc20000 - 0x00007ffbcdc36000 	C:\Program Files\Android\Android Studio\jre\jre\bin\zip.dll
0x00007ffbee830000 - 0x00007ffbeef15000 	C:\WINDOWS\System32\SHELL32.dll
0x00007ffbee780000 - 0x00007ffbee829000 	C:\WINDOWS\System32\shcore.dll
0x00007ffbedab0000 - 0x00007ffbee230000 	C:\WINDOWS\System32\windows.storage.dll
0x00007ffbed0e0000 - 0x00007ffbed103000 	C:\WINDOWS\System32\profapi.dll
0x00007ffbed090000 - 0x00007ffbed0da000 	C:\WINDOWS\System32\powrprof.dll
0x00007ffbed040000 - 0x00007ffbed050000 	C:\WINDOWS\System32\UMPDC.dll
0x00007ffbef8a0000 - 0x00007ffbef8f2000 	C:\WINDOWS\System32\shlwapi.dll
0x00007ffbed070000 - 0x00007ffbed081000 	C:\WINDOWS\System32\kernel.appcore.dll
0x00007ffbed1a0000 - 0x00007ffbed1b7000 	C:\WINDOWS\System32\cryptsp.dll
0x00007ffbcdb00000 - 0x00007ffbcdb1a000 	C:\Program Files\Android\Android Studio\jre\jre\bin\net.dll
0x00007ffbdfcf0000 - 0x00007ffbdfec5000 	C:\WINDOWS\SYSTEM32\urlmon.dll
0x00007ffbdf940000 - 0x00007ffbdfbe6000 	C:\WINDOWS\SYSTEM32\iertutil.dll
0x00007ffbec9f0000 - 0x00007ffbec9fc000 	C:\WINDOWS\SYSTEM32\CRYPTBASE.DLL
0x00007ffbec820000 - 0x00007ffbec887000 	C:\WINDOWS\system32\mswsock.dll
0x00007ffbcdae0000 - 0x00007ffbcdaf3000 	C:\Program Files\Android\Android Studio\jre\jre\bin\nio.dll
0x00007ffbcfa20000 - 0x00007ffbcfa46000 	C:\Users\10673\.gradle\native\30\windows-amd64\native-platform.dll
0x00007ffbe50e0000 - 0x00007ffbe50ed000 	C:\Program Files\Android\Android Studio\jre\jre\bin\management.dll
0x00007ffbec390000 - 0x00007ffbec3c3000 	C:\WINDOWS\system32\rsaenh.dll
0x00007ffbeda80000 - 0x00007ffbedaa6000 	C:\WINDOWS\System32\bcrypt.dll
0x00007ffbecf30000 - 0x00007ffbecf55000 	C:\WINDOWS\SYSTEM32\USERENV.dll
0x00007ffbec530000 - 0x00007ffbec56a000 	C:\WINDOWS\SYSTEM32\IPHLPAPI.DLL
0x00007ffbefd40000 - 0x00007ffbefd48000 	C:\WINDOWS\System32\NSI.dll
0x00007ffbe5190000 - 0x00007ffbe51a6000 	C:\WINDOWS\SYSTEM32\dhcpcsvc6.DLL
0x00007ffbe5a30000 - 0x00007ffbe5a4c000 	C:\WINDOWS\SYSTEM32\dhcpcsvc.DLL
0x00007ffbec570000 - 0x00007ffbec63a000 	C:\WINDOWS\SYSTEM32\DNSAPI.dll

VM Arguments:
jvm_args: -Xmx1536m -Dfile.encoding=windows-1252 -Duser.country=US -Duser.language=en -Duser.variant 
java_command: org.gradle.launcher.daemon.bootstrap.GradleDaemon 5.6.4
java_class_path (initial): C:\Users\10673\.gradle\wrapper\dists\gradle-5.6.4-all\ankdp27end7byghfw1q2sw75f\gradle-5.6.4\lib\gradle-launcher-5.6.4.jar
Launcher Type: SUN_STANDARD

Environment Variables:
PATH=C:\WINDOWS\system32;C:\WINDOWS;C:\WINDOWS\System32\Wbem;C:\WINDOWS\System32\WindowsPowerShell\v1.0\;C:\WINDOWS\System32\OpenSSH\;C:\Users\10673\AppData\Local\Microsoft\WindowsApps;
USERNAME=10673
OS=Windows_NT
PROCESSOR_IDENTIFIER=Intel64 Family 6 Model 158 Stepping 10, GenuineIntel



---------------  S Y S T E M  ---------------

OS: Windows 10.0 , 64 bit Build 18362 (10.0.18362.778)

CPU:total 12 (initial active 12) (6 cores per cpu, 2 threads per core) family 6 model 158 stepping 10, cmov, cx8, fxsr, mmx, sse, sse2, sse3, ssse3, sse4.1, sse4.2, popcnt, avx, avx2, aes, clmul, erms, 3dnowpref, lzcnt, ht, tsc, tscinvbit, bmi1, bmi2, adx

Memory: 4k page, physical 12439208k(564604k free), swap 26130084k(4912k free)

vm_info: OpenJDK 64-Bit Server VM (25.212-b04) for windows-amd64 JRE (1.8.0_212-release-1586-b04), built by "builder" with MS VC++ 10.0 (VS2010)

time: Wed Apr 22 23:56:50 2020
timezone: AUS Eastern Standard Time
elapsed time: 2 seconds (0d 0h 0m 2s)

